<?xml version="1.0" encoding="UTF-8"?>
<!-- Generated by org.testng.reporters.JUnitReportReporter -->
<testsuite skipped="0" hostname="DESKTOP-MV1UL01" name="com.Automation_Assignments.java.IphoneCostOnAmezon" tests="1" failures="0" timestamp="2019-12-30T22:37:39 IST" time="39.655" errors="0">
  <testcase name="tripAdvisor" time="39.655" classname="com.Automation_Assignments.java.IphoneCostOnAmezon"/>
</testsuite> <!-- com.Automation_Assignments.java.IphoneCostOnAmezon -->
