<?xml version="1.0" encoding="UTF-8"?>
<!-- Generated by org.testng.reporters.JUnitReportReporter -->
<testsuite skipped="0" hostname="DESKTOP-MV1UL01" name="com.Automation_Assignments.java.IphoneCost" tests="1" failures="0" timestamp="30 Dec 2019 08:27:01 GMT" time="11.980" errors="0">
  <testcase name="navigatetoAmezonandFlipcart" time="11.980" classname="com.Automation_Assignments.java.IphoneCost"/>
</testsuite> <!-- com.Automation_Assignments.java.IphoneCost -->
